2020-08-15 23:13:53:INFO:hello
2020-08-15 23:14:54:INFO:hello
2020-08-15 23:21:52:INFO:---- 获取股票数据(日) ----
2020-08-15 23:21:52:INFO:---- 读取csv数据 ----
2020-08-15 23:21:52:INFO:---- 生成atr数据 ----
2020-08-15 23:22:01:INFO:---- 读取csv数据 ----
2020-08-15 23:22:01:INFO:---- 读取csv数据 ----
2020-08-15 23:22:01:INFO:---- 获取股票数据(日) ----
2020-08-15 23:22:01:INFO:---- 读取csv数据 ----
2020-08-15 23:22:01:INFO:---- 获取股票数据(日) ----
2020-08-15 23:22:01:INFO:---- 读取csv数据 ----
2020-08-15 23:22:01:INFO:---- 正在匹配公司数据 ----
2020-08-15 23:22:01:INFO:---- 获取股票数据(日) ----
2020-08-15 23:22:01:INFO:---- 读取csv数据 ----
2020-08-15 23:22:01:INFO:---- 获取股票数据(日) ----
2020-08-15 23:22:01:INFO:---- 读取csv数据 ----
2020-08-15 23:22:01:INFO:---- 获取股票数据(日) ----
2020-08-15 23:22:01:INFO:---- 读取csv数据 ----
2020-08-15 23:22:01:INFO:---- 正在匹配公司数据 ----
2020-08-15 23:22:02:INFO:---- 获取股票数据(日) ----
2020-08-15 23:22:02:INFO:---- 读取csv数据 ----
2020-08-15 23:22:02:INFO:---- 获取股票数据(日) ----
2020-08-15 23:22:02:INFO:---- 读取csv数据 ----
2020-08-15 23:22:02:INFO:---- 正在匹配公司数据 ----
2020-08-15 23:22:02:INFO:---- 获取股票数据(日) ----
2020-08-15 23:22:02:INFO:---- 读取csv数据 ----
2020-08-15 23:22:02:INFO:---- 正在匹配公司数据 ----
2020-08-15 23:22:03:INFO:---- 获取股票数据(日) ----
2020-08-15 23:22:03:INFO:---- 读取csv数据 ----
2020-08-15 23:22:03:INFO:---- 获取股票数据(日) ----
2020-08-15 23:22:03:INFO:---- 读取csv数据 ----
2020-08-15 23:22:03:INFO:---- 获取股票数据(日) ----
2020-08-15 23:22:03:INFO:---- 读取csv数据 ----
2020-08-15 23:22:03:INFO:---- 获取股票数据(日) ----
2020-08-15 23:22:03:INFO:---- 读取csv数据 ----
2020-08-15 23:22:03:INFO:---- 正在匹配公司数据 ----
2020-08-15 23:22:03:INFO:---- 获取股票数据(日) ----
2020-08-15 23:22:03:INFO:---- 读取csv数据 ----
2020-08-15 23:22:03:INFO:---- 正在匹配公司数据 ----
2020-08-15 23:22:04:INFO:---- 获取股票数据(日) ----
2020-08-15 23:22:04:INFO:---- 读取csv数据 ----
2020-08-15 23:22:04:INFO:---- 正在匹配公司数据 ----
2020-08-15 23:22:04:INFO:---- 获取股票数据(日) ----
2020-08-15 23:22:04:INFO:---- 读取csv数据 ----
2020-08-15 23:22:04:INFO:---- 获取股票数据(日) ----
2020-08-15 23:22:04:INFO:---- 读取csv数据 ----
2020-08-15 23:22:04:INFO:---- 获取股票数据(日) ----
2020-08-15 23:22:04:INFO:---- 读取csv数据 ----
2020-08-15 23:22:04:INFO:---- 正在匹配公司数据 ----
2020-08-15 23:22:04:INFO:---- 获取股票数据(日) ----
2020-08-15 23:22:04:INFO:---- 读取csv数据 ----
2020-08-15 23:22:05:INFO:---- 获取股票数据(日) ----
2020-08-15 23:22:05:INFO:---- 读取csv数据 ----
2020-08-15 23:22:05:INFO:---- 正在匹配公司数据 ----
2020-08-15 23:22:05:INFO:---- 获取股票数据(日) ----
2020-08-15 23:22:05:INFO:---- 读取csv数据 ----
2020-08-15 23:22:05:INFO:---- 正在匹配公司数据 ----
2020-08-15 23:22:05:INFO:---- 获取股票数据(日) ----
2020-08-15 23:22:05:INFO:---- 读取csv数据 ----
2020-08-15 23:22:05:INFO:---- 正在匹配公司数据 ----
2020-08-15 23:22:06:INFO:---- 获取股票数据(日) ----
2020-08-15 23:22:06:INFO:---- 读取csv数据 ----
2020-08-15 23:22:06:INFO:---- 正在匹配公司数据 ----
2020-08-15 23:22:06:INFO:---- 获取股票数据(日) ----
2020-08-15 23:22:06:INFO:---- 读取csv数据 ----
2020-08-15 23:22:06:INFO:---- 正在匹配公司数据 ----
2020-08-15 23:22:06:INFO:---- 获取股票数据(日) ----
2020-08-15 23:22:06:INFO:---- 读取csv数据 ----
2020-08-15 23:22:06:INFO:---- 正在匹配公司数据 ----
2020-08-15 23:22:07:INFO:---- 获取股票数据(日) ----
2020-08-15 23:22:07:INFO:---- 读取csv数据 ----
2020-08-15 23:22:07:INFO:---- 正在匹配公司数据 ----
2020-08-15 23:22:07:INFO:---- 获取股票数据(日) ----
2020-08-15 23:22:07:INFO:---- 读取csv数据 ----
2020-08-15 23:22:07:INFO:---- 获取股票数据(日) ----
2020-08-15 23:22:07:INFO:---- 读取csv数据 ----
2020-08-15 23:22:07:INFO:---- 正在匹配公司数据 ----
2020-08-15 23:22:08:INFO:---- 获取股票数据(日) ----
2020-08-15 23:22:08:INFO:---- 读取csv数据 ----
2020-08-15 23:22:08:INFO:---- 获取股票数据(日) ----
2020-08-15 23:22:08:INFO:---- 读取csv数据 ----
2020-08-15 23:22:08:INFO:---- 获取股票数据(日) ----
2020-08-15 23:22:08:INFO:---- 读取csv数据 ----
2020-08-15 23:22:08:INFO:---- 正在匹配公司数据 ----
2020-08-15 23:22:08:INFO:---- 获取股票数据(日) ----
2020-08-15 23:22:08:INFO:---- 读取csv数据 ----
2020-08-15 23:22:08:INFO:---- 正在匹配公司数据 ----
2020-08-15 23:22:09:INFO:---- 获取股票数据(日) ----
2020-08-15 23:22:09:INFO:---- 读取csv数据 ----
2020-08-15 23:22:09:INFO:---- 正在匹配公司数据 ----
2020-08-15 23:22:09:INFO:---- 获取股票数据(日) ----
2020-08-15 23:22:09:INFO:---- 读取csv数据 ----
2020-08-15 23:22:09:INFO:---- 正在匹配公司数据 ----
2020-08-15 23:22:10:INFO:---- 获取股票数据(日) ----
2020-08-15 23:22:10:INFO:---- 读取csv数据 ----
2020-08-15 23:22:10:INFO:---- 正在匹配公司数据 ----
2020-08-15 23:22:10:INFO:---- 获取股票数据(日) ----
2020-08-15 23:22:10:INFO:---- 读取csv数据 ----
2020-08-15 23:22:10:INFO:---- 正在匹配公司数据 ----
2020-08-15 23:22:10:INFO:---- 获取股票数据(日) ----
2020-08-15 23:22:10:INFO:---- 读取csv数据 ----
2020-08-15 23:22:10:INFO:---- 正在匹配公司数据 ----
2020-08-15 23:22:11:INFO:---- 获取股票数据(日) ----
2020-08-15 23:22:11:INFO:---- 读取csv数据 ----
2020-08-15 23:22:11:INFO:---- 获取股票数据(日) ----
2020-08-15 23:22:11:INFO:---- 读取csv数据 ----
2020-08-15 23:22:11:INFO:---- 获取股票数据(日) ----
2020-08-15 23:22:11:INFO:---- 读取csv数据 ----
2020-08-15 23:22:11:INFO:---- 正在匹配公司数据 ----
2020-08-15 23:22:11:INFO:---- 获取股票数据(日) ----
2020-08-15 23:22:11:INFO:---- 读取csv数据 ----
2020-08-15 23:22:11:INFO:---- 获取股票数据(日) ----
2020-08-15 23:22:11:INFO:---- 读取csv数据 ----
2020-08-15 23:22:11:INFO:---- 获取股票数据(日) ----
2020-08-15 23:22:11:INFO:---- 读取csv数据 ----
2020-08-15 23:22:11:INFO:---- 正在匹配公司数据 ----
2020-08-15 23:22:12:INFO:---- 获取股票数据(日) ----
2020-08-15 23:22:12:INFO:---- 读取csv数据 ----
2020-08-15 23:22:12:INFO:---- 正在匹配公司数据 ----
2020-08-15 23:22:13:INFO:---- 获取股票数据(日) ----
2020-08-15 23:22:13:INFO:---- 读取csv数据 ----
2020-08-15 23:22:13:INFO:---- 正在匹配公司数据 ----
2020-08-15 23:22:14:INFO:---- 获取股票数据(日) ----
2020-08-15 23:22:14:INFO:---- 读取csv数据 ----
2020-08-15 23:22:14:INFO:---- 正在匹配公司数据 ----
2020-08-15 23:22:14:INFO:---- 获取股票数据(日) ----
2020-08-15 23:22:14:INFO:---- 读取csv数据 ----
2020-08-15 23:22:14:INFO:---- 获取股票数据(日) ----
2020-08-15 23:22:14:INFO:---- 读取csv数据 ----
2020-08-15 23:22:14:INFO:---- 获取股票数据(日) ----
2020-08-15 23:22:14:INFO:---- 读取csv数据 ----
2020-08-15 23:22:14:INFO:---- 正在匹配公司数据 ----
2020-08-15 23:22:15:INFO:---- 获取股票数据(日) ----
2020-08-15 23:22:15:INFO:---- 读取csv数据 ----
2020-08-15 23:22:15:INFO:---- 获取股票数据(日) ----
2020-08-15 23:22:15:INFO:---- 读取csv数据 ----
2020-08-15 23:22:15:INFO:---- 获取股票数据(日) ----
2020-08-15 23:22:15:INFO:---- 读取csv数据 ----
2020-08-15 23:22:15:INFO:---- 正在匹配公司数据 ----
2020-08-15 23:22:16:INFO:---- 获取股票数据(日) ----
2020-08-15 23:22:16:INFO:---- 读取csv数据 ----
2020-08-15 23:22:16:INFO:---- 正在匹配公司数据 ----
2020-08-15 23:22:16:INFO:---- 获取股票数据(日) ----
2020-08-15 23:22:16:INFO:---- 读取csv数据 ----
2020-08-15 23:22:16:INFO:---- 正在匹配公司数据 ----
2020-08-15 23:22:17:INFO:---- 获取股票数据(日) ----
2020-08-15 23:22:17:INFO:---- 读取csv数据 ----
2020-08-15 23:22:17:INFO:---- 获取股票数据(日) ----
2020-08-15 23:22:17:INFO:---- 读取csv数据 ----
2020-08-15 23:22:17:INFO:---- 正在匹配公司数据 ----
2020-08-15 23:22:17:INFO:---- 获取股票数据(日) ----
2020-08-15 23:22:17:INFO:---- 读取csv数据 ----
2020-08-15 23:22:17:INFO:---- 正在匹配公司数据 ----
2020-08-15 23:22:18:INFO:---- 获取股票数据(日) ----
2020-08-15 23:22:18:INFO:---- 读取csv数据 ----
2020-08-15 23:22:18:INFO:---- 正在匹配公司数据 ----
2020-08-15 23:22:18:INFO:---- 获取股票数据(日) ----
2020-08-15 23:22:18:INFO:---- 读取csv数据 ----
2020-08-15 23:22:18:INFO:---- 正在匹配公司数据 ----
2020-08-15 23:22:19:INFO:---- 获取股票数据(日) ----
2020-08-15 23:22:19:INFO:---- 读取csv数据 ----
2020-08-15 23:22:19:INFO:---- 正在匹配公司数据 ----
2020-08-15 23:22:19:INFO:---- 获取股票数据(日) ----
2020-08-15 23:22:19:INFO:---- 读取csv数据 ----
2020-08-15 23:22:20:INFO:---- 正在匹配公司数据 ----
2020-08-15 23:22:20:INFO:---- 获取股票数据(日) ----
2020-08-15 23:22:20:INFO:---- 读取csv数据 ----
2020-08-15 23:22:20:INFO:---- 获取股票数据(日) ----
2020-08-15 23:22:20:INFO:---- 读取csv数据 ----
2020-08-15 23:22:20:INFO:---- 获取股票数据(日) ----
2020-08-15 23:22:20:INFO:---- 读取csv数据 ----
2020-08-15 23:22:20:INFO:---- 正在匹配公司数据 ----
2020-08-15 23:22:21:INFO:---- 获取股票数据(日) ----
2020-08-15 23:22:21:INFO:---- 读取csv数据 ----
2020-08-15 23:22:21:INFO:---- 获取股票数据(日) ----
2020-08-15 23:22:21:INFO:---- 读取csv数据 ----
2020-08-15 23:22:21:INFO:---- 获取股票数据(日) ----
2020-08-15 23:22:21:INFO:---- 读取csv数据 ----
2020-08-15 23:22:21:INFO:---- 正在匹配公司数据 ----
2020-08-15 23:22:22:INFO:---- 获取股票数据(日) ----
2020-08-15 23:22:22:INFO:---- 读取csv数据 ----
2020-08-15 23:22:22:INFO:---- 获取股票数据(日) ----
2020-08-15 23:22:22:INFO:---- 读取csv数据 ----
2020-08-15 23:22:22:INFO:---- 正在匹配公司数据 ----
2020-08-15 23:22:22:INFO:---- 获取股票数据(日) ----
2020-08-15 23:22:22:INFO:---- 读取csv数据 ----
2020-08-15 23:22:22:INFO:---- 获取股票数据(日) ----
2020-08-15 23:22:22:INFO:---- 读取csv数据 ----
2020-08-15 23:22:22:INFO:---- 正在匹配公司数据 ----
2020-08-15 23:22:23:INFO:---- 获取股票数据(日) ----
2020-08-15 23:22:23:INFO:---- 读取csv数据 ----
2020-08-15 23:22:23:INFO:---- 正在匹配公司数据 ----
2020-08-15 23:22:24:INFO:---- 获取股票数据(日) ----
2020-08-15 23:22:24:INFO:---- 读取csv数据 ----
2020-08-15 23:22:24:INFO:---- 获取股票数据(日) ----
2020-08-15 23:22:24:INFO:---- 读取csv数据 ----
2020-08-15 23:22:24:INFO:---- 正在匹配公司数据 ----
2020-08-15 23:22:25:INFO:---- 获取股票数据(日) ----
2020-08-15 23:22:25:INFO:---- 读取csv数据 ----
2020-08-15 23:22:25:INFO:---- 正在匹配公司数据 ----
2020-08-15 23:22:26:INFO:---- 获取股票数据(日) ----
2020-08-15 23:22:26:INFO:---- 读取csv数据 ----
2020-08-15 23:22:26:INFO:---- 正在匹配公司数据 ----
2020-08-15 23:22:26:INFO:---- 获取股票数据(日) ----
2020-08-15 23:22:26:INFO:---- 读取csv数据 ----
2020-08-15 23:22:26:INFO:---- 正在匹配公司数据 ----
2020-08-15 23:22:27:INFO:---- 获取股票数据(日) ----
2020-08-15 23:22:27:INFO:---- 读取csv数据 ----
2020-08-15 23:22:27:INFO:---- 正在匹配公司数据 ----
2020-08-15 23:22:27:INFO:---- 获取股票数据(日) ----
2020-08-15 23:22:27:INFO:---- 读取csv数据 ----
2020-08-15 23:22:27:INFO:---- 获取股票数据(日) ----
2020-08-15 23:22:27:INFO:---- 读取csv数据 ----
2020-08-15 23:22:27:INFO:---- 获取股票数据(日) ----
2020-08-15 23:22:27:INFO:---- 读取csv数据 ----
2020-08-15 23:22:27:INFO:---- 获取股票数据(日) ----
2020-08-15 23:22:27:INFO:---- 读取csv数据 ----
2020-08-15 23:22:27:INFO:---- 获取股票数据(日) ----
2020-08-15 23:22:27:INFO:---- 读取csv数据 ----
2020-08-15 23:22:27:INFO:---- 获取股票数据(日) ----
2020-08-15 23:22:27:INFO:---- 读取csv数据 ----
2020-08-15 23:22:27:INFO:---- 正在匹配公司数据 ----
2020-08-15 23:22:28:INFO:---- 获取股票数据(日) ----
2020-08-15 23:22:28:INFO:---- 读取csv数据 ----
2020-08-15 23:22:28:INFO:---- 获取股票数据(日) ----
2020-08-15 23:22:28:INFO:---- 读取csv数据 ----
2020-08-15 23:22:28:INFO:---- 正在匹配公司数据 ----
2020-08-15 23:22:28:INFO:---- 获取股票数据(日) ----
2020-08-15 23:22:28:INFO:---- 读取csv数据 ----
2020-08-15 23:22:28:INFO:---- 获取股票数据(日) ----
2020-08-15 23:22:28:INFO:---- 读取csv数据 ----
2020-08-15 23:22:28:INFO:---- 正在匹配公司数据 ----
2020-08-15 23:22:29:INFO:---- 获取股票数据(日) ----
2020-08-15 23:22:29:INFO:---- 读取csv数据 ----
2020-08-15 23:26:04:INFO:---- 读取csv数据 ----
2020-08-15 23:26:04:INFO:---- 读取csv数据 ----
2020-08-15 23:26:04:INFO:---- 获取股票数据(日) ----
2020-08-15 23:26:04:INFO:---- 读取csv数据 ----
2020-08-15 23:26:04:INFO:---- 获取股票数据(日) ----
2020-08-15 23:26:04:INFO:---- 读取csv数据 ----
2020-08-15 23:26:04:INFO:---- 正在匹配公司数据 ----
2020-08-15 23:26:05:INFO:---- 获取股票数据(日) ----
2020-08-15 23:26:05:INFO:---- 读取csv数据 ----
2020-08-15 23:26:05:INFO:---- 获取股票数据(日) ----
2020-08-15 23:26:05:INFO:---- 读取csv数据 ----
2020-08-15 23:26:05:INFO:---- 获取股票数据(日) ----
2020-08-15 23:26:05:INFO:---- 读取csv数据 ----
2020-08-15 23:26:05:INFO:---- 正在匹配公司数据 ----
2020-08-15 23:26:06:INFO:---- 获取股票数据(日) ----
2020-08-15 23:26:06:INFO:---- 读取csv数据 ----
2020-08-15 23:26:06:INFO:---- 获取股票数据(日) ----
2020-08-15 23:26:06:INFO:---- 读取csv数据 ----
2020-08-15 23:26:06:INFO:---- 正在匹配公司数据 ----
2020-08-15 23:26:06:INFO:---- 获取股票数据(日) ----
2020-08-15 23:26:06:INFO:---- 读取csv数据 ----
2020-08-15 23:26:06:INFO:---- 正在匹配公司数据 ----
2020-08-15 23:26:06:INFO:---- 获取股票数据(日) ----
2020-08-15 23:26:06:INFO:---- 读取csv数据 ----
2020-08-15 23:26:06:INFO:---- 获取股票数据(日) ----
2020-08-15 23:26:06:INFO:---- 读取csv数据 ----
2020-08-15 23:26:06:INFO:---- 获取股票数据(日) ----
2020-08-15 23:26:06:INFO:---- 读取csv数据 ----
2020-08-15 23:26:06:INFO:---- 获取股票数据(日) ----
2020-08-15 23:26:06:INFO:---- 读取csv数据 ----
2020-08-15 23:26:06:INFO:---- 正在匹配公司数据 ----
2020-08-15 23:26:07:INFO:---- 获取股票数据(日) ----
2020-08-15 23:26:07:INFO:---- 读取csv数据 ----
2020-08-15 23:26:07:INFO:---- 正在匹配公司数据 ----
2020-08-15 23:26:07:INFO:---- 获取股票数据(日) ----
2020-08-15 23:26:07:INFO:---- 读取csv数据 ----
2020-08-15 23:26:07:INFO:---- 正在匹配公司数据 ----
2020-08-15 23:26:08:INFO:---- 获取股票数据(日) ----
2020-08-15 23:26:08:INFO:---- 读取csv数据 ----
2020-08-15 23:26:08:INFO:---- 获取股票数据(日) ----
2020-08-15 23:26:08:INFO:---- 读取csv数据 ----
2020-08-15 23:26:08:INFO:---- 获取股票数据(日) ----
2020-08-15 23:26:08:INFO:---- 读取csv数据 ----
2020-08-15 23:26:08:INFO:---- 正在匹配公司数据 ----
2020-08-15 23:26:08:INFO:---- 获取股票数据(日) ----
2020-08-15 23:26:08:INFO:---- 读取csv数据 ----
2020-08-15 23:26:08:INFO:---- 获取股票数据(日) ----
2020-08-15 23:26:08:INFO:---- 读取csv数据 ----
2020-08-15 23:26:08:INFO:---- 正在匹配公司数据 ----
2020-08-15 23:26:09:INFO:---- 获取股票数据(日) ----
2020-08-15 23:26:09:INFO:---- 读取csv数据 ----
2020-08-15 23:26:09:INFO:---- 正在匹配公司数据 ----
2020-08-15 23:26:09:INFO:---- 获取股票数据(日) ----
2020-08-15 23:26:09:INFO:---- 读取csv数据 ----
2020-08-15 23:26:09:INFO:---- 正在匹配公司数据 ----
2020-08-15 23:26:09:INFO:---- 获取股票数据(日) ----
2020-08-15 23:26:09:INFO:---- 读取csv数据 ----
2020-08-15 23:26:09:INFO:---- 正在匹配公司数据 ----
2020-08-15 23:26:10:INFO:---- 获取股票数据(日) ----
2020-08-15 23:26:10:INFO:---- 读取csv数据 ----
2020-08-15 23:26:10:INFO:---- 正在匹配公司数据 ----
2020-08-15 23:26:10:INFO:---- 获取股票数据(日) ----
2020-08-15 23:26:10:INFO:---- 读取csv数据 ----
2020-08-15 23:26:10:INFO:---- 正在匹配公司数据 ----
2020-08-15 23:26:10:INFO:---- 获取股票数据(日) ----
2020-08-15 23:26:10:INFO:---- 读取csv数据 ----
2020-08-15 23:26:11:INFO:---- 正在匹配公司数据 ----
2020-08-15 23:26:11:INFO:---- 获取股票数据(日) ----
2020-08-15 23:26:11:INFO:---- 读取csv数据 ----
2020-08-15 23:26:11:INFO:---- 获取股票数据(日) ----
2020-08-15 23:26:11:INFO:---- 读取csv数据 ----
2020-08-15 23:26:11:INFO:---- 正在匹配公司数据 ----
2020-08-15 23:26:11:INFO:---- 获取股票数据(日) ----
2020-08-15 23:26:11:INFO:---- 读取csv数据 ----
2020-08-15 23:26:11:INFO:---- 获取股票数据(日) ----
2020-08-15 23:26:11:INFO:---- 读取csv数据 ----
2020-08-15 23:26:11:INFO:---- 获取股票数据(日) ----
2020-08-15 23:26:11:INFO:---- 读取csv数据 ----
2020-08-15 23:26:11:INFO:---- 正在匹配公司数据 ----
2020-08-15 23:26:12:INFO:---- 获取股票数据(日) ----
2020-08-15 23:26:12:INFO:---- 读取csv数据 ----
2020-08-15 23:26:12:INFO:---- 正在匹配公司数据 ----
2020-08-15 23:26:12:INFO:---- 获取股票数据(日) ----
2020-08-15 23:26:12:INFO:---- 读取csv数据 ----
2020-08-15 23:26:12:INFO:---- 正在匹配公司数据 ----
2020-08-15 23:26:13:INFO:---- 获取股票数据(日) ----
2020-08-15 23:26:13:INFO:---- 读取csv数据 ----
2020-08-15 23:26:13:INFO:---- 正在匹配公司数据 ----
2020-08-15 23:26:13:INFO:---- 获取股票数据(日) ----
2020-08-15 23:26:13:INFO:---- 读取csv数据 ----
2020-08-15 23:26:13:INFO:---- 正在匹配公司数据 ----
2020-08-15 23:26:14:INFO:---- 获取股票数据(日) ----
2020-08-15 23:26:14:INFO:---- 读取csv数据 ----
2020-08-15 23:26:14:INFO:---- 正在匹配公司数据 ----
2020-08-15 23:26:14:INFO:---- 获取股票数据(日) ----
2020-08-15 23:26:14:INFO:---- 读取csv数据 ----
2020-08-15 23:26:14:INFO:---- 正在匹配公司数据 ----
2020-08-15 23:26:14:INFO:---- 获取股票数据(日) ----
2020-08-15 23:26:14:INFO:---- 读取csv数据 ----
2020-08-15 23:26:14:INFO:---- 获取股票数据(日) ----
2020-08-15 23:26:14:INFO:---- 读取csv数据 ----
2020-08-15 23:26:14:INFO:---- 获取股票数据(日) ----
2020-08-15 23:26:14:INFO:---- 读取csv数据 ----
2020-08-15 23:26:14:INFO:---- 正在匹配公司数据 ----
2020-08-15 23:26:15:INFO:---- 获取股票数据(日) ----
2020-08-15 23:26:15:INFO:---- 读取csv数据 ----
2020-08-15 23:26:15:INFO:---- 获取股票数据(日) ----
2020-08-15 23:26:15:INFO:---- 读取csv数据 ----
2020-08-15 23:26:15:INFO:---- 获取股票数据(日) ----
2020-08-15 23:26:15:INFO:---- 读取csv数据 ----
2020-08-15 23:26:15:INFO:---- 正在匹配公司数据 ----
2020-08-15 23:26:15:INFO:---- 获取股票数据(日) ----
2020-08-15 23:26:15:INFO:---- 读取csv数据 ----
2020-08-15 23:26:15:INFO:---- 正在匹配公司数据 ----
2020-08-15 23:26:16:INFO:---- 获取股票数据(日) ----
2020-08-15 23:26:16:INFO:---- 读取csv数据 ----
2020-08-15 23:26:16:INFO:---- 正在匹配公司数据 ----
2020-08-15 23:26:17:INFO:---- 获取股票数据(日) ----
2020-08-15 23:26:17:INFO:---- 读取csv数据 ----
2020-08-15 23:26:17:INFO:---- 正在匹配公司数据 ----
2020-08-15 23:26:18:INFO:---- 获取股票数据(日) ----
2020-08-15 23:26:18:INFO:---- 读取csv数据 ----
2020-08-15 23:26:18:INFO:---- 获取股票数据(日) ----
2020-08-15 23:26:18:INFO:---- 读取csv数据 ----
2020-08-15 23:26:18:INFO:---- 获取股票数据(日) ----
2020-08-15 23:26:18:INFO:---- 读取csv数据 ----
2020-08-15 23:26:18:INFO:---- 正在匹配公司数据 ----
2020-08-15 23:26:19:INFO:---- 获取股票数据(日) ----
2020-08-15 23:26:19:INFO:---- 读取csv数据 ----
2020-08-15 23:26:19:INFO:---- 获取股票数据(日) ----
2020-08-15 23:26:19:INFO:---- 读取csv数据 ----
2020-08-15 23:26:19:INFO:---- 获取股票数据(日) ----
2020-08-15 23:26:19:INFO:---- 读取csv数据 ----
2020-08-15 23:26:19:INFO:---- 正在匹配公司数据 ----
2020-08-15 23:26:19:INFO:---- 获取股票数据(日) ----
2020-08-15 23:26:19:INFO:---- 读取csv数据 ----
2020-08-15 23:26:19:INFO:---- 正在匹配公司数据 ----
2020-08-15 23:26:20:INFO:---- 获取股票数据(日) ----
2020-08-15 23:26:20:INFO:---- 读取csv数据 ----
2020-08-15 23:26:20:INFO:---- 正在匹配公司数据 ----
2020-08-15 23:26:21:INFO:---- 获取股票数据(日) ----
2020-08-15 23:26:21:INFO:---- 读取csv数据 ----
2020-08-15 23:26:21:INFO:---- 获取股票数据(日) ----
2020-08-15 23:26:21:INFO:---- 读取csv数据 ----
2020-08-15 23:26:21:INFO:---- 正在匹配公司数据 ----
2020-08-15 23:26:21:INFO:---- 获取股票数据(日) ----
2020-08-15 23:26:21:INFO:---- 读取csv数据 ----
2020-08-15 23:26:21:INFO:---- 正在匹配公司数据 ----
2020-08-15 23:26:21:INFO:---- 获取股票数据(日) ----
2020-08-15 23:26:21:INFO:---- 读取csv数据 ----
2020-08-15 23:26:21:INFO:---- 正在匹配公司数据 ----
2020-08-15 23:26:22:INFO:---- 获取股票数据(日) ----
2020-08-15 23:26:22:INFO:---- 读取csv数据 ----
2020-08-15 23:26:22:INFO:---- 正在匹配公司数据 ----
2020-08-15 23:26:22:INFO:---- 获取股票数据(日) ----
2020-08-15 23:26:22:INFO:---- 读取csv数据 ----
2020-08-15 23:26:22:INFO:---- 正在匹配公司数据 ----
2020-08-15 23:26:23:INFO:---- 获取股票数据(日) ----
2020-08-15 23:26:23:INFO:---- 读取csv数据 ----
2020-08-15 23:26:23:INFO:---- 正在匹配公司数据 ----
2020-08-15 23:26:24:INFO:---- 获取股票数据(日) ----
2020-08-15 23:26:24:INFO:---- 读取csv数据 ----
2020-08-15 23:26:24:INFO:---- 获取股票数据(日) ----
2020-08-15 23:26:24:INFO:---- 读取csv数据 ----
2020-08-15 23:26:24:INFO:---- 获取股票数据(日) ----
2020-08-15 23:26:24:INFO:---- 读取csv数据 ----
2020-08-15 23:26:24:INFO:---- 正在匹配公司数据 ----
2020-08-15 23:26:25:INFO:---- 获取股票数据(日) ----
2020-08-15 23:26:25:INFO:---- 读取csv数据 ----
2020-08-15 23:26:25:INFO:---- 获取股票数据(日) ----
2020-08-15 23:26:25:INFO:---- 读取csv数据 ----
2020-08-15 23:26:25:INFO:---- 获取股票数据(日) ----
2020-08-15 23:26:25:INFO:---- 读取csv数据 ----
2020-08-15 23:26:25:INFO:---- 正在匹配公司数据 ----
2020-08-15 23:26:26:INFO:---- 获取股票数据(日) ----
2020-08-15 23:26:26:INFO:---- 读取csv数据 ----
2020-08-15 23:26:26:INFO:---- 获取股票数据(日) ----
2020-08-15 23:26:26:INFO:---- 读取csv数据 ----
2020-08-15 23:26:26:INFO:---- 正在匹配公司数据 ----
2020-08-15 23:26:26:INFO:---- 获取股票数据(日) ----
2020-08-15 23:26:26:INFO:---- 读取csv数据 ----
2020-08-15 23:26:26:INFO:---- 获取股票数据(日) ----
2020-08-15 23:26:26:INFO:---- 读取csv数据 ----
2020-08-15 23:26:26:INFO:---- 正在匹配公司数据 ----
2020-08-15 23:26:27:INFO:---- 获取股票数据(日) ----
2020-08-15 23:26:27:INFO:---- 读取csv数据 ----
2020-08-15 23:26:27:INFO:---- 正在匹配公司数据 ----
2020-08-15 23:26:27:INFO:---- 获取股票数据(日) ----
2020-08-15 23:26:27:INFO:---- 读取csv数据 ----
2020-08-15 23:26:27:INFO:---- 获取股票数据(日) ----
2020-08-15 23:26:27:INFO:---- 读取csv数据 ----
2020-08-15 23:26:28:INFO:---- 正在匹配公司数据 ----
2020-08-15 23:26:29:INFO:---- 获取股票数据(日) ----
2020-08-15 23:26:29:INFO:---- 读取csv数据 ----
2020-08-15 23:26:29:INFO:---- 正在匹配公司数据 ----
2020-08-15 23:26:29:INFO:---- 获取股票数据(日) ----
2020-08-15 23:26:29:INFO:---- 读取csv数据 ----
2020-08-15 23:26:29:INFO:---- 正在匹配公司数据 ----
2020-08-15 23:26:29:INFO:---- 获取股票数据(日) ----
2020-08-15 23:26:29:INFO:---- 读取csv数据 ----
2020-08-15 23:26:29:INFO:---- 正在匹配公司数据 ----
2020-08-15 23:26:30:INFO:---- 获取股票数据(日) ----
2020-08-15 23:26:30:INFO:---- 读取csv数据 ----
2020-08-15 23:26:30:INFO:---- 正在匹配公司数据 ----
2020-08-15 23:26:31:INFO:---- 获取股票数据(日) ----
2020-08-15 23:26:31:INFO:---- 读取csv数据 ----
2020-08-15 23:26:31:INFO:---- 获取股票数据(日) ----
2020-08-15 23:26:31:INFO:---- 读取csv数据 ----
2020-08-15 23:26:31:INFO:---- 获取股票数据(日) ----
2020-08-15 23:26:31:INFO:---- 读取csv数据 ----
2020-08-15 23:26:31:INFO:---- 获取股票数据(日) ----
2020-08-15 23:26:31:INFO:---- 读取csv数据 ----
2020-08-15 23:26:31:INFO:---- 获取股票数据(日) ----
2020-08-15 23:26:31:INFO:---- 读取csv数据 ----
2020-08-15 23:26:31:INFO:---- 获取股票数据(日) ----
2020-08-15 23:26:31:INFO:---- 读取csv数据 ----
2020-08-15 23:26:31:INFO:---- 正在匹配公司数据 ----
2020-08-15 23:26:31:INFO:---- 获取股票数据(日) ----
2020-08-15 23:26:31:INFO:---- 读取csv数据 ----
2020-08-15 23:26:31:INFO:---- 获取股票数据(日) ----
2020-08-15 23:26:31:INFO:---- 读取csv数据 ----
2020-08-15 23:26:31:INFO:---- 正在匹配公司数据 ----
2020-08-15 23:26:31:INFO:---- 获取股票数据(日) ----
2020-08-15 23:26:31:INFO:---- 读取csv数据 ----
2020-08-15 23:26:31:INFO:---- 获取股票数据(日) ----
2020-08-15 23:26:31:INFO:---- 读取csv数据 ----
2020-08-15 23:26:31:INFO:---- 正在匹配公司数据 ----
2020-08-15 23:26:32:INFO:---- 获取股票数据(日) ----
2020-08-15 23:26:32:INFO:---- 读取csv数据 ----
2020-08-15 23:28:10:INFO:---- 读取csv数据 ----
2020-08-15 23:28:10:INFO:---- 读取csv数据 ----
2020-08-15 23:28:10:INFO:---- 获取股票数据(日) ----
2020-08-15 23:28:10:INFO:---- 读取csv数据 ----
2020-08-15 23:28:10:INFO:---- 获取股票数据(日) ----
2020-08-15 23:28:10:INFO:---- 读取csv数据 ----
2020-08-15 23:28:10:INFO:---- 正在匹配公司数据 ----
2020-08-15 23:28:10:INFO:---- 获取股票数据(日) ----
2020-08-15 23:28:10:INFO:---- 读取csv数据 ----
2020-08-15 23:28:10:INFO:---- 获取股票数据(日) ----
2020-08-15 23:28:10:INFO:---- 读取csv数据 ----
2020-08-15 23:28:10:INFO:---- 获取股票数据(日) ----
2020-08-15 23:28:10:INFO:---- 读取csv数据 ----
2020-08-15 23:28:10:INFO:---- 正在匹配公司数据 ----
2020-08-15 23:28:11:INFO:---- 获取股票数据(日) ----
2020-08-15 23:28:11:INFO:---- 读取csv数据 ----
2020-08-15 23:28:11:INFO:---- 获取股票数据(日) ----
2020-08-15 23:28:11:INFO:---- 读取csv数据 ----
2020-08-15 23:28:11:INFO:---- 正在匹配公司数据 ----
2020-08-15 23:28:11:INFO:---- 获取股票数据(日) ----
2020-08-15 23:28:11:INFO:---- 读取csv数据 ----
2020-08-15 23:28:11:INFO:---- 正在匹配公司数据 ----
2020-08-15 23:28:12:INFO:---- 获取股票数据(日) ----
2020-08-15 23:28:12:INFO:---- 读取csv数据 ----
2020-08-15 23:28:12:INFO:---- 获取股票数据(日) ----
2020-08-15 23:28:12:INFO:---- 读取csv数据 ----
2020-08-15 23:28:12:INFO:---- 获取股票数据(日) ----
2020-08-15 23:28:12:INFO:---- 读取csv数据 ----
2020-08-15 23:28:12:INFO:---- 获取股票数据(日) ----
2020-08-15 23:28:12:INFO:---- 读取csv数据 ----
2020-08-15 23:28:12:INFO:---- 正在匹配公司数据 ----
2020-08-15 23:28:12:INFO:---- 获取股票数据(日) ----
2020-08-15 23:28:12:INFO:---- 读取csv数据 ----
2020-08-15 23:28:12:INFO:---- 正在匹配公司数据 ----
2020-08-15 23:28:13:INFO:---- 获取股票数据(日) ----
2020-08-15 23:28:13:INFO:---- 读取csv数据 ----
2020-08-15 23:28:13:INFO:---- 正在匹配公司数据 ----
2020-08-15 23:28:13:INFO:---- 获取股票数据(日) ----
2020-08-15 23:28:13:INFO:---- 读取csv数据 ----
2020-08-15 23:28:13:INFO:---- 获取股票数据(日) ----
2020-08-15 23:28:13:INFO:---- 读取csv数据 ----
2020-08-15 23:28:13:INFO:---- 获取股票数据(日) ----
2020-08-15 23:28:13:INFO:---- 读取csv数据 ----
2020-08-15 23:28:13:INFO:---- 正在匹配公司数据 ----
2020-08-15 23:28:13:INFO:---- 获取股票数据(日) ----
2020-08-15 23:28:13:INFO:---- 读取csv数据 ----
2020-08-15 23:28:13:INFO:---- 获取股票数据(日) ----
2020-08-15 23:28:13:INFO:---- 读取csv数据 ----
2020-08-15 23:28:13:INFO:---- 正在匹配公司数据 ----
2020-08-15 23:28:14:INFO:---- 获取股票数据(日) ----
2020-08-15 23:28:14:INFO:---- 读取csv数据 ----
2020-08-15 23:28:14:INFO:---- 正在匹配公司数据 ----
2020-08-15 23:28:14:INFO:---- 获取股票数据(日) ----
2020-08-15 23:28:14:INFO:---- 读取csv数据 ----
2020-08-15 23:28:14:INFO:---- 正在匹配公司数据 ----
2020-08-15 23:28:15:INFO:---- 获取股票数据(日) ----
2020-08-15 23:28:15:INFO:---- 读取csv数据 ----
2020-08-15 23:28:15:INFO:---- 正在匹配公司数据 ----
2020-08-15 23:28:15:INFO:---- 获取股票数据(日) ----
2020-08-15 23:28:15:INFO:---- 读取csv数据 ----
2020-08-15 23:28:15:INFO:---- 正在匹配公司数据 ----
2020-08-15 23:28:15:INFO:---- 获取股票数据(日) ----
2020-08-15 23:28:15:INFO:---- 读取csv数据 ----
2020-08-15 23:28:15:INFO:---- 正在匹配公司数据 ----
2020-08-15 23:28:16:INFO:---- 获取股票数据(日) ----
2020-08-15 23:28:16:INFO:---- 读取csv数据 ----
2020-08-15 23:28:16:INFO:---- 正在匹配公司数据 ----
2020-08-15 23:28:16:INFO:---- 获取股票数据(日) ----
2020-08-15 23:28:16:INFO:---- 读取csv数据 ----
2020-08-15 23:28:16:INFO:---- 获取股票数据(日) ----
2020-08-15 23:28:16:INFO:---- 读取csv数据 ----
2020-08-15 23:28:16:INFO:---- 正在匹配公司数据 ----
2020-08-15 23:28:16:INFO:---- 获取股票数据(日) ----
2020-08-15 23:28:16:INFO:---- 读取csv数据 ----
2020-08-15 23:28:16:INFO:---- 获取股票数据(日) ----
2020-08-15 23:28:16:INFO:---- 读取csv数据 ----
2020-08-15 23:28:16:INFO:---- 获取股票数据(日) ----
2020-08-15 23:28:16:INFO:---- 读取csv数据 ----
2020-08-15 23:28:16:INFO:---- 正在匹配公司数据 ----
2020-08-15 23:28:17:INFO:---- 获取股票数据(日) ----
2020-08-15 23:28:17:INFO:---- 读取csv数据 ----
2020-08-15 23:28:17:INFO:---- 正在匹配公司数据 ----
2020-08-15 23:28:18:INFO:---- 获取股票数据(日) ----
2020-08-15 23:28:18:INFO:---- 读取csv数据 ----
2020-08-15 23:28:18:INFO:---- 正在匹配公司数据 ----
2020-08-15 23:28:18:INFO:---- 获取股票数据(日) ----
2020-08-15 23:28:18:INFO:---- 读取csv数据 ----
2020-08-15 23:28:18:INFO:---- 正在匹配公司数据 ----
2020-08-15 23:28:18:INFO:---- 获取股票数据(日) ----
2020-08-15 23:28:18:INFO:---- 读取csv数据 ----
2020-08-15 23:28:18:INFO:---- 正在匹配公司数据 ----
2020-08-15 23:28:19:INFO:---- 获取股票数据(日) ----
2020-08-15 23:28:19:INFO:---- 读取csv数据 ----
2020-08-15 23:28:19:INFO:---- 正在匹配公司数据 ----
2020-08-15 23:28:19:INFO:---- 获取股票数据(日) ----
2020-08-15 23:28:19:INFO:---- 读取csv数据 ----
2020-08-15 23:28:19:INFO:---- 正在匹配公司数据 ----
2020-08-15 23:28:20:INFO:---- 获取股票数据(日) ----
2020-08-15 23:28:20:INFO:---- 读取csv数据 ----
2020-08-15 23:28:20:INFO:---- 获取股票数据(日) ----
2020-08-15 23:28:20:INFO:---- 读取csv数据 ----
2020-08-15 23:28:20:INFO:---- 获取股票数据(日) ----
2020-08-15 23:28:20:INFO:---- 读取csv数据 ----
2020-08-15 23:28:20:INFO:---- 正在匹配公司数据 ----
2020-08-15 23:28:20:INFO:---- 获取股票数据(日) ----
2020-08-15 23:28:20:INFO:---- 读取csv数据 ----
2020-08-15 23:28:20:INFO:---- 获取股票数据(日) ----
2020-08-15 23:28:20:INFO:---- 读取csv数据 ----
2020-08-15 23:28:20:INFO:---- 获取股票数据(日) ----
2020-08-15 23:28:20:INFO:---- 读取csv数据 ----
2020-08-15 23:28:20:INFO:---- 正在匹配公司数据 ----
2020-08-15 23:28:20:INFO:---- 获取股票数据(日) ----
2020-08-15 23:28:20:INFO:---- 读取csv数据 ----
2020-08-15 23:28:20:INFO:---- 正在匹配公司数据 ----
2020-08-15 23:28:22:INFO:---- 获取股票数据(日) ----
2020-08-15 23:28:22:INFO:---- 读取csv数据 ----
2020-08-15 23:28:22:INFO:---- 正在匹配公司数据 ----
2020-08-15 23:28:22:INFO:---- 获取股票数据(日) ----
2020-08-15 23:28:22:INFO:---- 读取csv数据 ----
2020-08-15 23:28:22:INFO:---- 正在匹配公司数据 ----
2020-08-15 23:28:23:INFO:---- 获取股票数据(日) ----
2020-08-15 23:28:23:INFO:---- 读取csv数据 ----
2020-08-15 23:28:23:INFO:---- 获取股票数据(日) ----
2020-08-15 23:28:23:INFO:---- 读取csv数据 ----
2020-08-15 23:28:23:INFO:---- 获取股票数据(日) ----
2020-08-15 23:28:23:INFO:---- 读取csv数据 ----
2020-08-15 23:28:23:INFO:---- 正在匹配公司数据 ----
2020-08-15 23:28:24:INFO:---- 获取股票数据(日) ----
2020-08-15 23:28:24:INFO:---- 读取csv数据 ----
2020-08-15 23:28:24:INFO:---- 获取股票数据(日) ----
2020-08-15 23:28:24:INFO:---- 读取csv数据 ----
2020-08-15 23:28:24:INFO:---- 获取股票数据(日) ----
2020-08-15 23:28:24:INFO:---- 读取csv数据 ----
2020-08-15 23:28:24:INFO:---- 正在匹配公司数据 ----
2020-08-15 23:28:24:INFO:---- 获取股票数据(日) ----
2020-08-15 23:28:24:INFO:---- 读取csv数据 ----
2020-08-15 23:28:24:INFO:---- 正在匹配公司数据 ----
2020-08-15 23:28:25:INFO:---- 获取股票数据(日) ----
2020-08-15 23:28:25:INFO:---- 读取csv数据 ----
2020-08-15 23:28:25:INFO:---- 正在匹配公司数据 ----
2020-08-15 23:28:25:INFO:---- 获取股票数据(日) ----
2020-08-15 23:28:25:INFO:---- 读取csv数据 ----
2020-08-15 23:28:25:INFO:---- 获取股票数据(日) ----
2020-08-15 23:28:25:INFO:---- 读取csv数据 ----
2020-08-15 23:28:25:INFO:---- 正在匹配公司数据 ----
2020-08-15 23:28:26:INFO:---- 获取股票数据(日) ----
2020-08-15 23:28:26:INFO:---- 读取csv数据 ----
2020-08-15 23:28:26:INFO:---- 正在匹配公司数据 ----
2020-08-15 23:28:26:INFO:---- 获取股票数据(日) ----
2020-08-15 23:28:26:INFO:---- 读取csv数据 ----
2020-08-15 23:28:26:INFO:---- 正在匹配公司数据 ----
2020-08-15 23:28:27:INFO:---- 获取股票数据(日) ----
2020-08-15 23:28:27:INFO:---- 读取csv数据 ----
2020-08-15 23:28:27:INFO:---- 正在匹配公司数据 ----
2020-08-15 23:28:27:INFO:---- 获取股票数据(日) ----
2020-08-15 23:28:27:INFO:---- 读取csv数据 ----
2020-08-15 23:28:27:INFO:---- 正在匹配公司数据 ----
2020-08-15 23:28:28:INFO:---- 获取股票数据(日) ----
2020-08-15 23:28:28:INFO:---- 读取csv数据 ----
2020-08-15 23:28:28:INFO:---- 正在匹配公司数据 ----
2020-08-15 23:28:29:INFO:---- 获取股票数据(日) ----
2020-08-15 23:28:29:INFO:---- 读取csv数据 ----
2020-08-15 23:28:29:INFO:---- 获取股票数据(日) ----
2020-08-15 23:28:29:INFO:---- 读取csv数据 ----
2020-08-15 23:28:29:INFO:---- 获取股票数据(日) ----
2020-08-15 23:28:29:INFO:---- 读取csv数据 ----
2020-08-15 23:28:29:INFO:---- 正在匹配公司数据 ----
2020-08-15 23:28:30:INFO:---- 获取股票数据(日) ----
2020-08-15 23:28:30:INFO:---- 读取csv数据 ----
2020-08-15 23:28:30:INFO:---- 获取股票数据(日) ----
2020-08-15 23:28:30:INFO:---- 读取csv数据 ----
2020-08-15 23:28:30:INFO:---- 获取股票数据(日) ----
2020-08-15 23:28:30:INFO:---- 读取csv数据 ----
2020-08-15 23:28:30:INFO:---- 正在匹配公司数据 ----
2020-08-15 23:28:30:INFO:---- 获取股票数据(日) ----
2020-08-15 23:28:30:INFO:---- 读取csv数据 ----
2020-08-15 23:28:30:INFO:---- 获取股票数据(日) ----
2020-08-15 23:28:30:INFO:---- 读取csv数据 ----
2020-08-15 23:28:30:INFO:---- 正在匹配公司数据 ----
2020-08-15 23:28:31:INFO:---- 获取股票数据(日) ----
2020-08-15 23:28:31:INFO:---- 读取csv数据 ----
2020-08-15 23:28:31:INFO:---- 获取股票数据(日) ----
2020-08-15 23:28:31:INFO:---- 读取csv数据 ----
2020-08-15 23:28:31:INFO:---- 正在匹配公司数据 ----
2020-08-15 23:28:32:INFO:---- 获取股票数据(日) ----
2020-08-15 23:28:32:INFO:---- 读取csv数据 ----
2020-08-15 23:28:32:INFO:---- 正在匹配公司数据 ----
2020-08-15 23:28:32:INFO:---- 获取股票数据(日) ----
2020-08-15 23:28:32:INFO:---- 读取csv数据 ----
2020-08-15 23:28:32:INFO:---- 获取股票数据(日) ----
2020-08-15 23:28:32:INFO:---- 读取csv数据 ----
2020-08-15 23:28:32:INFO:---- 正在匹配公司数据 ----
2020-08-15 23:28:33:INFO:---- 获取股票数据(日) ----
2020-08-15 23:28:33:INFO:---- 读取csv数据 ----
2020-08-15 23:28:33:INFO:---- 正在匹配公司数据 ----
2020-08-15 23:28:34:INFO:---- 获取股票数据(日) ----
2020-08-15 23:28:34:INFO:---- 读取csv数据 ----
2020-08-15 23:28:34:INFO:---- 正在匹配公司数据 ----
2020-08-15 23:28:34:INFO:---- 获取股票数据(日) ----
2020-08-15 23:28:34:INFO:---- 读取csv数据 ----
2020-08-15 23:28:34:INFO:---- 正在匹配公司数据 ----
2020-08-15 23:28:35:INFO:---- 获取股票数据(日) ----
2020-08-15 23:28:35:INFO:---- 读取csv数据 ----
2020-08-15 23:28:35:INFO:---- 正在匹配公司数据 ----
2020-08-15 23:28:35:INFO:---- 获取股票数据(日) ----
2020-08-15 23:28:35:INFO:---- 读取csv数据 ----
2020-08-15 23:28:35:INFO:---- 获取股票数据(日) ----
2020-08-15 23:28:35:INFO:---- 读取csv数据 ----
2020-08-15 23:28:35:INFO:---- 获取股票数据(日) ----
2020-08-15 23:28:35:INFO:---- 读取csv数据 ----
2020-08-15 23:28:35:INFO:---- 获取股票数据(日) ----
2020-08-15 23:28:35:INFO:---- 读取csv数据 ----
2020-08-15 23:28:35:INFO:---- 获取股票数据(日) ----
2020-08-15 23:28:35:INFO:---- 读取csv数据 ----
2020-08-15 23:28:35:INFO:---- 获取股票数据(日) ----
2020-08-15 23:28:35:INFO:---- 读取csv数据 ----
2020-08-15 23:28:35:INFO:---- 正在匹配公司数据 ----
2020-08-15 23:28:36:INFO:---- 获取股票数据(日) ----
2020-08-15 23:28:36:INFO:---- 读取csv数据 ----
2020-08-15 23:28:36:INFO:---- 获取股票数据(日) ----
2020-08-15 23:28:36:INFO:---- 读取csv数据 ----
2020-08-15 23:28:36:INFO:---- 正在匹配公司数据 ----
2020-08-15 23:28:36:INFO:---- 获取股票数据(日) ----
2020-08-15 23:28:36:INFO:---- 读取csv数据 ----
2020-08-15 23:28:36:INFO:---- 获取股票数据(日) ----
2020-08-15 23:28:36:INFO:---- 读取csv数据 ----
2020-08-15 23:28:36:INFO:---- 正在匹配公司数据 ----
2020-08-15 23:28:37:INFO:---- 获取股票数据(日) ----
2020-08-15 23:28:37:INFO:---- 读取csv数据 ----
2020-08-15 23:28:37:INFO:000089.SZ 深圳机场 机场 20200727.0 8.44
2020-08-15 23:28:37:INFO:000519.SZ 中兵红箭 矿物制品 20200731.0 11.21
2020-08-15 23:28:37:INFO:000519.SZ 中兵红箭 矿物制品 20200813.0 11.0
2020-08-15 23:28:37:INFO:000591.SZ 太阳能 新型电力 20200727.0 3.89
2020-08-15 23:28:37:INFO:000710.SZ 贝瑞基因 医疗保健 20200806.0 77.0
2020-08-15 23:28:37:INFO:000785.SZ 居然之家 百货 20200814.0 9.53
2020-08-15 23:28:37:INFO:000799.SZ 酒鬼酒 白酒 20200804.0 67.24
2020-08-15 23:28:37:INFO:000818.SZ 航锦科技 化工原料 20200727.0 23.08
2020-08-15 23:28:37:INFO:000958.SZ 东方能源 火力发电 20200727.0 4.76
2020-08-15 23:28:37:INFO:002236.SZ 大华股份 电器仪表 20200805.0 20.81
2020-08-15 23:28:37:INFO:002340.SZ 格林美 小金属 20200811.0 5.15
2020-08-15 23:28:37:INFO:002385.SZ 大北农 饲料 20200812.0 11.44
2020-08-15 23:28:37:INFO:002402.SZ 和而泰 元器件 20200727.0 15.18
2020-08-15 23:28:37:INFO:002458.SZ 益生股份 农业综合 20200727.0 15.37
2020-08-15 23:28:37:INFO:002459.SZ 晶澳科技 电气设备 20200805.0 22.03
2020-08-15 23:28:37:INFO:002600.SZ 领益智造 元器件 20200810.0 11.22
2020-08-15 23:28:37:INFO:002727.SZ 一心堂 医药商业 20200812.0 31.79
2020-08-15 23:28:37:INFO:002901.SZ 大博医疗 医疗保健 20200805.0 103.5
2020-08-15 23:28:37:INFO:002901.SZ 大博医疗 医疗保健 20200812.0 92.43
2020-08-15 23:28:37:INFO:002946.SZ 新乳业 乳制品 20200811.0 22.56
2020-08-15 23:28:37:INFO:002958.SZ 青农商行 银行 20200811.0 5.56
2020-08-15 23:28:37:INFO:002959.SZ 小熊电器 家用电器 20200812.0 137.6
2020-08-15 23:28:37:INFO:002967.SZ 广电计量 综合类 20200727.0 25.55
2020-08-15 23:28:37:INFO:002978.SZ 安宁股份 小金属 20200810.0 39.66
2020-08-15 23:28:37:INFO:300088.SZ 长信科技 元器件 20200727.0 10.75
2020-08-15 23:28:37:INFO:300207.SZ 欣旺达 元器件 20200727.0 20.27
2020-08-15 23:28:37:INFO:300775.SZ 三角防务 航空 20200813.0 31.64
2020-08-15 23:28:37:INFO:300815.SZ 玉禾田 环境保护 20200722.0 132.02
2020-08-15 23:28:37:INFO:300815.SZ 玉禾田 环境保护 20200804.0 121.0
2020-08-15 23:28:37:INFO:300815.SZ 玉禾田 环境保护 20200812.0 123.6
2020-08-15 23:28:37:INFO:300832.SZ 新产业 医疗保健 20200807.0 161.98
2020-08-15 23:28:37:INFO:300832.SZ 新产业 医疗保健 20200814.0 145.45
2020-08-15 23:28:37:INFO:600057.SH 厦门象屿 仓储物流 20200728.0 6.05
2020-08-15 23:28:37:INFO:600057.SH 厦门象屿 仓储物流 20200806.0 6.7
2020-08-15 23:28:37:INFO:600155.SH 华创阳安 证券 20200727.0 13.15
2020-08-15 23:28:37:INFO:600155.SH 华创阳安 证券 20200813.0 13.31
2020-08-15 23:28:37:INFO:600211.SH 西藏药业 中成药 20200812.0 119.01
2020-08-15 23:28:37:INFO:600378.SH 昊华科技 化工原料 20200810.0 22.17
2020-08-15 23:28:37:INFO:600446.SH 金证股份 软件服务 20200727.0 19.02
2020-08-15 23:28:37:INFO:600446.SH 金证股份 软件服务 20200813.0 18.7
2020-08-15 23:28:37:INFO:600580.SH 卧龙电驱 电气设备 20200727.0 11.74
2020-08-15 23:28:37:INFO:600598.SH 北大荒 种植业 20200812.0 19.44
2020-08-15 23:28:37:INFO:600728.SH 佳都科技 软件服务 20200728.0 9.19
2020-08-15 23:28:37:INFO:600728.SH 佳都科技 软件服务 20200811.0 9.86
2020-08-15 23:28:37:INFO:600811.SH 东方集团 农业综合 20200803.0 5.21
2020-08-15 23:28:37:INFO:600879.SH 航天电子 航空 20200730.0 7.49
2020-08-15 23:28:37:INFO:600879.SH 航天电子 航空 20200813.0 7.7
2020-08-15 23:28:37:INFO:600918.SH 中泰证券 证券 20200727.0 16.34
2020-08-15 23:28:37:INFO:600918.SH 中泰证券 证券 20200813.0 16.41
2020-08-15 23:28:37:INFO:601066.SH 中信建投 证券 20200727.0 46.26
2020-08-15 23:28:37:INFO:601066.SH 中信建投 证券 20200805.0 48.29
2020-08-15 23:28:37:INFO:601138.SH 工业富联 通信设备 20200727.0 14.01
2020-08-15 23:28:37:INFO:601138.SH 工业富联 通信设备 20200810.0 14.41
2020-08-15 23:28:37:INFO:601399.SH ST国重装 工程机械 20200804.0 5.09
2020-08-15 23:28:37:INFO:601512.SH 中新集团 园区开发 20200727.0 11.63
2020-08-15 23:28:37:INFO:601512.SH 中新集团 园区开发 20200803.0 12.11
2020-08-15 23:28:37:INFO:601609.SH 金田铜业 铜 20200727.0 12.37
2020-08-15 23:28:37:INFO:601609.SH 金田铜业 铜 20200812.0 11.82
2020-08-15 23:28:37:INFO:601827.SH 三峰环境 环境保护 20200727.0 9.53
2020-08-15 23:28:37:INFO:601827.SH 三峰环境 环境保护 20200803.0 9.87
2020-08-15 23:28:37:INFO:601827.SH 三峰环境 环境保护 20200810.0 9.61
2020-08-15 23:28:37:INFO:601838.SH 成都银行 银行 20200727.0 8.15
2020-08-15 23:28:37:INFO:601952.SH 苏垦农发 种植业 20200812.0 13.57
2020-08-15 23:28:37:INFO:603087.SH 甘李药业 生物制药 20200806.0 203.77
2020-08-15 23:28:37:INFO:603087.SH 甘李药业 生物制药 20200814.0 203.6
2020-08-15 23:28:37:INFO:603185.SH 上机数控 机床制造 20200814.0 70.39
2020-08-15 23:28:37:INFO:603719.SH 良品铺子 食品 20200810.0 69.1
2020-08-15 23:28:37:INFO:688006.SH 杭可科技 电气设备 20200813.0 59.0
2020-08-15 23:28:37:INFO:688366.SH 昊海生科 生物制药 20200730.0 133.5
2020-08-15 23:28:37:INFO:688366.SH 昊海生科 生物制药 20200812.0 165.6
2020-08-15 23:35:06:INFO:hello
2020-08-15 23:35:16:INFO:---- 获取股票数据(日) ----
2020-08-15 23:35:16:INFO:---- 读取csv数据 ----
2020-08-15 23:35:16:INFO:---- 生成atr数据 ----
2020-08-15 23:35:33:INFO:---- 读取csv数据 ----
2020-08-15 23:35:33:INFO:---- 读取csv数据 ----
2020-08-15 23:35:33:INFO:---- 获取股票数据(日) ----
2020-08-15 23:35:33:INFO:---- 读取csv数据 ----
2020-08-15 23:35:33:INFO:---- 获取股票数据(日) ----
2020-08-15 23:35:33:INFO:---- 读取csv数据 ----
2020-08-15 23:35:33:INFO:---- 正在匹配公司数据 ----
2020-08-15 23:35:33:INFO:---- 获取股票数据(日) ----
2020-08-15 23:35:33:INFO:---- 读取csv数据 ----
2020-08-15 23:35:33:INFO:---- 获取股票数据(日) ----
2020-08-15 23:35:33:INFO:---- 读取csv数据 ----
2020-08-15 23:35:33:INFO:---- 获取股票数据(日) ----
2020-08-15 23:35:33:INFO:---- 读取csv数据 ----
2020-08-15 23:35:33:INFO:---- 正在匹配公司数据 ----
2020-08-15 23:35:34:INFO:---- 获取股票数据(日) ----
2020-08-15 23:35:34:INFO:---- 读取csv数据 ----
2020-08-15 23:35:34:INFO:---- 获取股票数据(日) ----
2020-08-15 23:35:34:INFO:---- 读取csv数据 ----
2020-08-15 23:35:34:INFO:---- 正在匹配公司数据 ----
2020-08-15 23:35:34:INFO:---- 获取股票数据(日) ----
2020-08-15 23:35:34:INFO:---- 读取csv数据 ----
2020-08-15 23:35:34:INFO:---- 正在匹配公司数据 ----
2020-08-15 23:35:35:INFO:---- 获取股票数据(日) ----
2020-08-15 23:35:35:INFO:---- 读取csv数据 ----
2020-08-15 23:35:35:INFO:---- 获取股票数据(日) ----
2020-08-15 23:35:35:INFO:---- 读取csv数据 ----
2020-08-15 23:35:35:INFO:---- 获取股票数据(日) ----
2020-08-15 23:35:35:INFO:---- 读取csv数据 ----
2020-08-15 23:35:35:INFO:---- 获取股票数据(日) ----
2020-08-15 23:35:35:INFO:---- 读取csv数据 ----
2020-08-15 23:35:35:INFO:---- 正在匹配公司数据 ----
2020-08-15 23:35:35:INFO:---- 获取股票数据(日) ----
2020-08-15 23:35:35:INFO:---- 读取csv数据 ----
2020-08-15 23:35:35:INFO:---- 正在匹配公司数据 ----
2020-08-15 23:35:35:INFO:---- 获取股票数据(日) ----
2020-08-15 23:35:35:INFO:---- 读取csv数据 ----
2020-08-15 23:35:36:INFO:---- 正在匹配公司数据 ----
2020-08-15 23:35:36:INFO:---- 获取股票数据(日) ----
2020-08-15 23:35:36:INFO:---- 读取csv数据 ----
2020-08-15 23:35:36:INFO:---- 获取股票数据(日) ----
2020-08-15 23:35:36:INFO:---- 读取csv数据 ----
2020-08-15 23:35:36:INFO:---- 获取股票数据(日) ----
2020-08-15 23:35:36:INFO:---- 读取csv数据 ----
2020-08-15 23:35:36:INFO:---- 正在匹配公司数据 ----
2020-08-15 23:35:36:INFO:---- 获取股票数据(日) ----
2020-08-15 23:35:36:INFO:---- 读取csv数据 ----
2020-08-15 23:35:36:INFO:---- 获取股票数据(日) ----
2020-08-15 23:35:36:INFO:---- 读取csv数据 ----
2020-08-15 23:35:36:INFO:---- 正在匹配公司数据 ----
2020-08-15 23:35:37:INFO:---- 获取股票数据(日) ----
2020-08-15 23:35:37:INFO:---- 读取csv数据 ----
2020-08-15 23:35:37:INFO:---- 正在匹配公司数据 ----
2020-08-15 23:35:37:INFO:---- 获取股票数据(日) ----
2020-08-15 23:35:37:INFO:---- 读取csv数据 ----
2020-08-15 23:35:37:INFO:---- 正在匹配公司数据 ----
2020-08-15 23:35:37:INFO:---- 获取股票数据(日) ----
2020-08-15 23:35:37:INFO:---- 读取csv数据 ----
2020-08-15 23:35:37:INFO:---- 正在匹配公司数据 ----
2020-08-15 23:35:38:INFO:---- 获取股票数据(日) ----
2020-08-15 23:35:38:INFO:---- 读取csv数据 ----
2020-08-15 23:35:38:INFO:---- 正在匹配公司数据 ----
2020-08-15 23:35:38:INFO:---- 获取股票数据(日) ----
2020-08-15 23:35:38:INFO:---- 读取csv数据 ----
2020-08-15 23:35:38:INFO:---- 正在匹配公司数据 ----
2020-08-15 23:35:39:INFO:---- 获取股票数据(日) ----
2020-08-15 23:35:39:INFO:---- 读取csv数据 ----
2020-08-15 23:35:39:INFO:---- 正在匹配公司数据 ----
2020-08-15 23:35:39:INFO:---- 获取股票数据(日) ----
2020-08-15 23:35:39:INFO:---- 读取csv数据 ----
2020-08-15 23:35:39:INFO:---- 获取股票数据(日) ----
2020-08-15 23:35:39:INFO:---- 读取csv数据 ----
2020-08-15 23:35:39:INFO:---- 正在匹配公司数据 ----
2020-08-15 23:35:39:INFO:---- 获取股票数据(日) ----
2020-08-15 23:35:39:INFO:---- 读取csv数据 ----
2020-08-15 23:35:39:INFO:---- 获取股票数据(日) ----
2020-08-15 23:35:39:INFO:---- 读取csv数据 ----
2020-08-15 23:35:39:INFO:---- 获取股票数据(日) ----
2020-08-15 23:35:39:INFO:---- 读取csv数据 ----
2020-08-15 23:35:39:INFO:---- 正在匹配公司数据 ----
2020-08-15 23:35:40:INFO:---- 获取股票数据(日) ----
2020-08-15 23:35:40:INFO:---- 读取csv数据 ----
2020-08-15 23:35:40:INFO:---- 正在匹配公司数据 ----
2020-08-15 23:35:41:INFO:---- 获取股票数据(日) ----
2020-08-15 23:35:41:INFO:---- 读取csv数据 ----
2020-08-15 23:35:41:INFO:---- 正在匹配公司数据 ----
2020-08-15 23:35:41:INFO:---- 获取股票数据(日) ----
2020-08-15 23:35:41:INFO:---- 读取csv数据 ----
2020-08-15 23:35:41:INFO:---- 正在匹配公司数据 ----
2020-08-15 23:35:41:INFO:---- 获取股票数据(日) ----
2020-08-15 23:35:41:INFO:---- 读取csv数据 ----
2020-08-15 23:35:41:INFO:---- 正在匹配公司数据 ----
2020-08-15 23:35:42:INFO:---- 获取股票数据(日) ----
2020-08-15 23:35:42:INFO:---- 读取csv数据 ----
2020-08-15 23:35:42:INFO:---- 正在匹配公司数据 ----
2020-08-15 23:35:42:INFO:---- 获取股票数据(日) ----
2020-08-15 23:35:42:INFO:---- 读取csv数据 ----
2020-08-15 23:35:42:INFO:---- 正在匹配公司数据 ----
2020-08-15 23:35:43:INFO:---- 获取股票数据(日) ----
2020-08-15 23:35:43:INFO:---- 读取csv数据 ----
2020-08-15 23:35:43:INFO:---- 获取股票数据(日) ----
2020-08-15 23:35:43:INFO:---- 读取csv数据 ----
2020-08-15 23:35:43:INFO:---- 获取股票数据(日) ----
2020-08-15 23:35:43:INFO:---- 读取csv数据 ----
2020-08-15 23:35:43:INFO:---- 正在匹配公司数据 ----
2020-08-15 23:35:43:INFO:---- 获取股票数据(日) ----
2020-08-15 23:35:43:INFO:---- 读取csv数据 ----
2020-08-15 23:35:43:INFO:---- 获取股票数据(日) ----
2020-08-15 23:35:43:INFO:---- 读取csv数据 ----
2020-08-15 23:35:43:INFO:---- 获取股票数据(日) ----
2020-08-15 23:35:43:INFO:---- 读取csv数据 ----
2020-08-15 23:35:43:INFO:---- 正在匹配公司数据 ----
2020-08-15 23:35:44:INFO:---- 获取股票数据(日) ----
2020-08-15 23:35:44:INFO:---- 读取csv数据 ----
2020-08-15 23:35:44:INFO:---- 正在匹配公司数据 ----
2020-08-15 23:35:45:INFO:---- 获取股票数据(日) ----
2020-08-15 23:35:45:INFO:---- 读取csv数据 ----
2020-08-15 23:35:45:INFO:---- 正在匹配公司数据 ----
2020-08-15 23:35:46:INFO:---- 获取股票数据(日) ----
2020-08-15 23:35:46:INFO:---- 读取csv数据 ----
2020-08-15 23:35:46:INFO:---- 正在匹配公司数据 ----
2020-08-15 23:35:46:INFO:---- 获取股票数据(日) ----
2020-08-15 23:35:46:INFO:---- 读取csv数据 ----
2020-08-15 23:35:46:INFO:---- 获取股票数据(日) ----
2020-08-15 23:35:46:INFO:---- 读取csv数据 ----
2020-08-15 23:35:46:INFO:---- 获取股票数据(日) ----
2020-08-15 23:35:46:INFO:---- 读取csv数据 ----
2020-08-15 23:35:46:INFO:---- 正在匹配公司数据 ----
2020-08-15 23:35:47:INFO:---- 获取股票数据(日) ----
2020-08-15 23:35:47:INFO:---- 读取csv数据 ----
2020-08-15 23:35:47:INFO:---- 获取股票数据(日) ----
2020-08-15 23:35:47:INFO:---- 读取csv数据 ----
2020-08-15 23:35:47:INFO:---- 获取股票数据(日) ----
2020-08-15 23:35:47:INFO:---- 读取csv数据 ----
2020-08-15 23:35:47:INFO:---- 正在匹配公司数据 ----
2020-08-15 23:35:48:INFO:---- 获取股票数据(日) ----
2020-08-15 23:35:48:INFO:---- 读取csv数据 ----
2020-08-15 23:35:48:INFO:---- 正在匹配公司数据 ----
2020-08-15 23:35:48:INFO:---- 获取股票数据(日) ----
2020-08-15 23:35:48:INFO:---- 读取csv数据 ----
2020-08-15 23:35:48:INFO:---- 正在匹配公司数据 ----
2020-08-15 23:35:49:INFO:---- 获取股票数据(日) ----
2020-08-15 23:35:49:INFO:---- 读取csv数据 ----
2020-08-15 23:35:49:INFO:---- 获取股票数据(日) ----
2020-08-15 23:35:49:INFO:---- 读取csv数据 ----
2020-08-15 23:35:49:INFO:---- 正在匹配公司数据 ----
2020-08-15 23:35:49:INFO:---- 获取股票数据(日) ----
2020-08-15 23:35:49:INFO:---- 读取csv数据 ----
2020-08-15 23:35:49:INFO:---- 正在匹配公司数据 ----
2020-08-15 23:35:49:INFO:---- 获取股票数据(日) ----
2020-08-15 23:35:49:INFO:---- 读取csv数据 ----
2020-08-15 23:35:49:INFO:---- 正在匹配公司数据 ----
2020-08-15 23:35:50:INFO:---- 获取股票数据(日) ----
2020-08-15 23:35:50:INFO:---- 读取csv数据 ----
2020-08-15 23:35:50:INFO:---- 正在匹配公司数据 ----
2020-08-15 23:35:51:INFO:---- 获取股票数据(日) ----
2020-08-15 23:35:51:INFO:---- 读取csv数据 ----
2020-08-15 23:35:51:INFO:---- 正在匹配公司数据 ----
2020-08-15 23:35:51:INFO:---- 获取股票数据(日) ----
2020-08-15 23:35:51:INFO:---- 读取csv数据 ----
2020-08-15 23:35:51:INFO:---- 正在匹配公司数据 ----
2020-08-15 23:35:52:INFO:---- 获取股票数据(日) ----
2020-08-15 23:35:52:INFO:---- 读取csv数据 ----
2020-08-15 23:35:52:INFO:---- 获取股票数据(日) ----
2020-08-15 23:35:52:INFO:---- 读取csv数据 ----
2020-08-15 23:35:52:INFO:---- 获取股票数据(日) ----
2020-08-15 23:35:52:INFO:---- 读取csv数据 ----
2020-08-15 23:35:52:INFO:---- 正在匹配公司数据 ----
2020-08-15 23:35:53:INFO:---- 获取股票数据(日) ----
2020-08-15 23:35:53:INFO:---- 读取csv数据 ----
2020-08-15 23:35:53:INFO:---- 获取股票数据(日) ----
2020-08-15 23:35:53:INFO:---- 读取csv数据 ----
2020-08-15 23:35:53:INFO:---- 获取股票数据(日) ----
2020-08-15 23:35:53:INFO:---- 读取csv数据 ----
2020-08-15 23:35:53:INFO:---- 正在匹配公司数据 ----
2020-08-15 23:35:54:INFO:---- 获取股票数据(日) ----
2020-08-15 23:35:54:INFO:---- 读取csv数据 ----
2020-08-15 23:35:54:INFO:---- 获取股票数据(日) ----
2020-08-15 23:35:54:INFO:---- 读取csv数据 ----
2020-08-15 23:35:54:INFO:---- 正在匹配公司数据 ----
2020-08-15 23:35:54:INFO:---- 获取股票数据(日) ----
2020-08-15 23:35:54:INFO:---- 读取csv数据 ----
2020-08-15 23:35:54:INFO:---- 获取股票数据(日) ----
2020-08-15 23:35:54:INFO:---- 读取csv数据 ----
2020-08-15 23:35:54:INFO:---- 正在匹配公司数据 ----
2020-08-15 23:35:55:INFO:---- 获取股票数据(日) ----
2020-08-15 23:35:55:INFO:---- 读取csv数据 ----
2020-08-15 23:35:55:INFO:---- 正在匹配公司数据 ----
2020-08-15 23:35:56:INFO:---- 获取股票数据(日) ----
2020-08-15 23:35:56:INFO:---- 读取csv数据 ----
2020-08-15 23:35:56:INFO:---- 获取股票数据(日) ----
2020-08-15 23:35:56:INFO:---- 读取csv数据 ----
2020-08-15 23:35:56:INFO:---- 正在匹配公司数据 ----
2020-08-15 23:35:57:INFO:---- 获取股票数据(日) ----
2020-08-15 23:35:57:INFO:---- 读取csv数据 ----
2020-08-15 23:35:57:INFO:---- 正在匹配公司数据 ----
2020-08-15 23:35:57:INFO:---- 获取股票数据(日) ----
2020-08-15 23:35:57:INFO:---- 读取csv数据 ----
2020-08-15 23:35:57:INFO:---- 正在匹配公司数据 ----
2020-08-15 23:35:58:INFO:---- 获取股票数据(日) ----
2020-08-15 23:35:58:INFO:---- 读取csv数据 ----
2020-08-15 23:35:58:INFO:---- 正在匹配公司数据 ----
2020-08-15 23:35:59:INFO:---- 获取股票数据(日) ----
2020-08-15 23:35:59:INFO:---- 读取csv数据 ----
2020-08-15 23:35:59:INFO:---- 正在匹配公司数据 ----
2020-08-15 23:35:59:INFO:---- 获取股票数据(日) ----
2020-08-15 23:35:59:INFO:---- 读取csv数据 ----
2020-08-15 23:35:59:INFO:---- 获取股票数据(日) ----
2020-08-15 23:35:59:INFO:---- 读取csv数据 ----
2020-08-15 23:35:59:INFO:---- 获取股票数据(日) ----
2020-08-15 23:35:59:INFO:---- 读取csv数据 ----
2020-08-15 23:35:59:INFO:---- 获取股票数据(日) ----
2020-08-15 23:35:59:INFO:---- 读取csv数据 ----
2020-08-15 23:35:59:INFO:---- 获取股票数据(日) ----
2020-08-15 23:35:59:INFO:---- 读取csv数据 ----
2020-08-15 23:35:59:INFO:---- 获取股票数据(日) ----
2020-08-15 23:35:59:INFO:---- 读取csv数据 ----
2020-08-15 23:35:59:INFO:---- 正在匹配公司数据 ----
2020-08-15 23:35:59:INFO:---- 获取股票数据(日) ----
2020-08-15 23:35:59:INFO:---- 读取csv数据 ----
2020-08-15 23:35:59:INFO:---- 获取股票数据(日) ----
2020-08-15 23:35:59:INFO:---- 读取csv数据 ----
2020-08-15 23:35:59:INFO:---- 正在匹配公司数据 ----
2020-08-15 23:36:00:INFO:---- 获取股票数据(日) ----
2020-08-15 23:36:00:INFO:---- 读取csv数据 ----
2020-08-15 23:36:00:INFO:---- 获取股票数据(日) ----
2020-08-15 23:36:00:INFO:---- 读取csv数据 ----
2020-08-15 23:36:00:INFO:---- 正在匹配公司数据 ----
2020-08-15 23:36:01:INFO:---- 获取股票数据(日) ----
2020-08-15 23:36:01:INFO:---- 读取csv数据 ----
2020-08-15 23:36:01:INFO:000089.SZ 深圳机场 机场 20200727.0 8.44
2020-08-15 23:36:01:INFO:000519.SZ 中兵红箭 矿物制品 20200731.0 11.21
2020-08-15 23:36:01:INFO:000519.SZ 中兵红箭 矿物制品 20200813.0 11.0
2020-08-15 23:36:01:INFO:000591.SZ 太阳能 新型电力 20200727.0 3.89
2020-08-15 23:36:01:INFO:000710.SZ 贝瑞基因 医疗保健 20200806.0 77.0
2020-08-15 23:36:01:INFO:000785.SZ 居然之家 百货 20200814.0 9.53
2020-08-15 23:36:01:INFO:000799.SZ 酒鬼酒 白酒 20200804.0 67.24
2020-08-15 23:36:01:INFO:000818.SZ 航锦科技 化工原料 20200727.0 23.08
2020-08-15 23:36:01:INFO:000958.SZ 东方能源 火力发电 20200727.0 4.76
2020-08-15 23:36:01:INFO:002236.SZ 大华股份 电器仪表 20200805.0 20.81
2020-08-15 23:36:01:INFO:002340.SZ 格林美 小金属 20200811.0 5.15
2020-08-15 23:36:01:INFO:002385.SZ 大北农 饲料 20200812.0 11.44
2020-08-15 23:36:01:INFO:002402.SZ 和而泰 元器件 20200727.0 15.18
2020-08-15 23:36:01:INFO:002458.SZ 益生股份 农业综合 20200727.0 15.37
2020-08-15 23:36:01:INFO:002459.SZ 晶澳科技 电气设备 20200805.0 22.03
2020-08-15 23:36:01:INFO:002600.SZ 领益智造 元器件 20200810.0 11.22
2020-08-15 23:36:01:INFO:002727.SZ 一心堂 医药商业 20200812.0 31.79
2020-08-15 23:36:01:INFO:002901.SZ 大博医疗 医疗保健 20200805.0 103.5
2020-08-15 23:36:01:INFO:002901.SZ 大博医疗 医疗保健 20200812.0 92.43
2020-08-15 23:36:01:INFO:002946.SZ 新乳业 乳制品 20200811.0 22.56
2020-08-15 23:36:01:INFO:002958.SZ 青农商行 银行 20200811.0 5.56
2020-08-15 23:36:01:INFO:002959.SZ 小熊电器 家用电器 20200812.0 137.6
2020-08-15 23:36:01:INFO:002967.SZ 广电计量 综合类 20200727.0 25.55
2020-08-15 23:36:01:INFO:002978.SZ 安宁股份 小金属 20200810.0 39.66
2020-08-15 23:36:01:INFO:300088.SZ 长信科技 元器件 20200727.0 10.75
2020-08-15 23:36:01:INFO:300207.SZ 欣旺达 元器件 20200727.0 20.27
2020-08-15 23:36:01:INFO:300775.SZ 三角防务 航空 20200813.0 31.64
2020-08-15 23:36:01:INFO:300815.SZ 玉禾田 环境保护 20200722.0 132.02
2020-08-15 23:36:01:INFO:300815.SZ 玉禾田 环境保护 20200804.0 121.0
2020-08-15 23:36:01:INFO:300815.SZ 玉禾田 环境保护 20200812.0 123.6
2020-08-15 23:36:01:INFO:300832.SZ 新产业 医疗保健 20200807.0 161.98
2020-08-15 23:36:01:INFO:300832.SZ 新产业 医疗保健 20200814.0 145.45
2020-08-15 23:36:01:INFO:600057.SH 厦门象屿 仓储物流 20200728.0 6.05
2020-08-15 23:36:01:INFO:600057.SH 厦门象屿 仓储物流 20200806.0 6.7
2020-08-15 23:36:01:INFO:600155.SH 华创阳安 证券 20200727.0 13.15
2020-08-15 23:36:01:INFO:600155.SH 华创阳安 证券 20200813.0 13.31
2020-08-15 23:36:01:INFO:600211.SH 西藏药业 中成药 20200812.0 119.01
2020-08-15 23:36:01:INFO:600378.SH 昊华科技 化工原料 20200810.0 22.17
2020-08-15 23:36:01:INFO:600446.SH 金证股份 软件服务 20200727.0 19.02
2020-08-15 23:36:01:INFO:600446.SH 金证股份 软件服务 20200813.0 18.7
2020-08-15 23:36:01:INFO:600580.SH 卧龙电驱 电气设备 20200727.0 11.74
2020-08-15 23:36:01:INFO:600598.SH 北大荒 种植业 20200812.0 19.44
2020-08-15 23:36:01:INFO:600728.SH 佳都科技 软件服务 20200728.0 9.19
2020-08-15 23:36:01:INFO:600728.SH 佳都科技 软件服务 20200811.0 9.86
2020-08-15 23:36:01:INFO:600811.SH 东方集团 农业综合 20200803.0 5.21
2020-08-15 23:36:01:INFO:600879.SH 航天电子 航空 20200730.0 7.49
2020-08-15 23:36:01:INFO:600879.SH 航天电子 航空 20200813.0 7.7
2020-08-15 23:36:01:INFO:600918.SH 中泰证券 证券 20200727.0 16.34
2020-08-15 23:36:01:INFO:600918.SH 中泰证券 证券 20200813.0 16.41
2020-08-15 23:36:01:INFO:601066.SH 中信建投 证券 20200727.0 46.26
2020-08-15 23:36:01:INFO:601066.SH 中信建投 证券 20200805.0 48.29
2020-08-15 23:36:01:INFO:601138.SH 工业富联 通信设备 20200727.0 14.01
2020-08-15 23:36:01:INFO:601138.SH 工业富联 通信设备 20200810.0 14.41
2020-08-15 23:36:01:INFO:601399.SH ST国重装 工程机械 20200804.0 5.09
2020-08-15 23:36:01:INFO:601512.SH 中新集团 园区开发 20200727.0 11.63
2020-08-15 23:36:01:INFO:601512.SH 中新集团 园区开发 20200803.0 12.11
2020-08-15 23:36:01:INFO:601609.SH 金田铜业 铜 20200727.0 12.37
2020-08-15 23:36:01:INFO:601609.SH 金田铜业 铜 20200812.0 11.82
2020-08-15 23:36:01:INFO:601827.SH 三峰环境 环境保护 20200727.0 9.53
2020-08-15 23:36:01:INFO:601827.SH 三峰环境 环境保护 20200803.0 9.87
2020-08-15 23:36:01:INFO:601827.SH 三峰环境 环境保护 20200810.0 9.61
2020-08-15 23:36:01:INFO:601838.SH 成都银行 银行 20200727.0 8.15
2020-08-15 23:36:01:INFO:601952.SH 苏垦农发 种植业 20200812.0 13.57
2020-08-15 23:36:01:INFO:603087.SH 甘李药业 生物制药 20200806.0 203.77
2020-08-15 23:36:01:INFO:603087.SH 甘李药业 生物制药 20200814.0 203.6
2020-08-15 23:36:01:INFO:603185.SH 上机数控 机床制造 20200814.0 70.39
2020-08-15 23:36:01:INFO:603719.SH 良品铺子 食品 20200810.0 69.1
2020-08-15 23:36:01:INFO:688006.SH 杭可科技 电气设备 20200813.0 59.0
2020-08-15 23:36:01:INFO:688366.SH 昊海生科 生物制药 20200730.0 133.5
2020-08-15 23:36:01:INFO:688366.SH 昊海生科 生物制药 20200812.0 165.6
